TN:
SF:/Users/jayeshyadav/Desktop/github/diamond-proxy/lib/openzeppelin-contracts/contracts/proxy/Proxy.sol
DA:1,0
DA:22,0
DA:27,0
DA:31,0
DA:34,0
DA:36,0
DA:38,0
DA:39,0
DA:42,0
DA:58,0
DA:59,0
DA:67,0
end_of_record

SF:/Users/jayeshyadav/Desktop/github/diamond-proxy/lib/openzeppelin-contracts/contracts/utils/introspection/IERC165.sol
end_of_record

SF:/Users/jayeshyadav/Desktop/github/diamond-proxy/src/Diamond.sol
DA:14,41
DA:31,4
DA:35,2
DA:36,25
DA:41,32
DA:42,10
DA:43,11
DA:44,23
DA:45,42
DA:46,42
DA:47,42
DA:48,42
DA:50,9
DA:54,34
DA:55,7
DA:57,21
DA:58,25
DA:59,18
DA:61,35
DA:62,29
DA:63,35
DA:64,29
DA:65,34
DA:66,16
DA:68,0
DA:72,10
DA:73,0
DA:74,0
DA:75,0
DA:76,0
DA:78,0
DA:81,0
DA:85,25
DA:89,0
DA:90,0
DA:91,0
DA:92,0
DA:93,0
DA:94,0
DA:95,0
DA:100,0
DA:101,0
DA:105,0
DA:106,0
DA:110,0
DA:111,0
DA:115,0
DA:116,0
DA:120,0
DA:121,0
DA:122,0
DA:123,0
DA:124,0
DA:128,0
DA:129,0
DA:130,0
DA:131,0
DA:132,0
DA:133,0
DA:134,0
DA:138,0
DA:139,0
DA:140,0
DA:141,0
DA:142,0
DA:146,0
DA:147,0
DA:151,0
DA:152,0
DA:156,0
DA:160,0
DA:161,0
DA:162,0
DA:163,0
DA:167,6
DA:168,4
DA:169,52
DA:170,40
DA:172,120
DA:173,3
DA:174,3
DA:175,3
DA:176,3
DA:177,3
DA:178,3
DA:179,3
DA:180,3
DA:181,3
DA:182,3
DA:183,3
DA:186,23
DA:187,18
DA:188,15
DA:189,60
DA:190,42
DA:191,42
DA:196,6
DA:197,10
DA:198,10
DA:199,9
DA:201,33
DA:202,52
DA:203,40
DA:206,21
DA:207,27
DA:208,14
DA:209,5
DA:210,62
DA:211,42
DA:212,79
DA:217,6
DA:218,10
DA:219,10
DA:220,9
DA:222,33
DA:223,52
DA:224,40
DA:227,22
DA:228,27
DA:229,14
DA:230,5
DA:231,35
DA:232,31
DA:233,31
DA:235,7
DA:236,42
DA:237,79
DA:239,6
DA:244,5
DA:245,22
DA:246,27
DA:247,14
DA:248,5
DA:249,35
DA:250,31
DA:252,7
DA:253,34
DA:255,6
DA:260,6
DA:261,23
DA:262,8
DA:263,15
DA:264,47
DA:265,88
DA:266,43
DA:267,5
DA:270,0
DA:274,5
DA:275,29
DA:276,40
DA:277,6
DA:278,8
DA:279,15
DA:280,35
DA:281,68
DA:282,33
DA:283,5
DA:290,3
DA:291,60
end_of_record

SF:/Users/jayeshyadav/Desktop/github/diamond-proxy/src/DiamondStorage.sol
DA:6,0
DA:20,2
DA:24,8
DA:25,10
DA:26,2
DA:27,6
end_of_record

SF:/Users/jayeshyadav/Desktop/github/diamond-proxy/src/interfaces/IDiamondCut.sol
end_of_record

SF:/Users/jayeshyadav/Desktop/github/diamond-proxy/src/interfaces/IDiamondLoupe.sol
end_of_record

SF:/Users/jayeshyadav/Desktop/github/diamond-proxy/src/interfaces/IOwnership.sol
end_of_record

SF:/Users/jayeshyadav/Desktop/github/diamond-proxy/test/echidna/DiamondEchidna.sol
DA:12,80
DA:27,7
DA:28,50
DA:29,43
DA:30,43
DA:31,43
DA:33,40
DA:34,40
DA:35,40
DA:36,40
DA:37,40
DA:38,40
DA:39,40
DA:40,40
DA:42,40
DA:43,40
DA:44,40
DA:45,40
DA:46,40
DA:47,40
DA:48,40
DA:49,40
DA:50,40
DA:51,40
DA:52,40
DA:57,7
DA:58,10
DA:59,23
DA:60,23
DA:61,13
DA:64,6
DA:65,39
DA:70,27
DA:71,8
DA:72,8
DA:74,54
DA:75,50
DA:76,28
DA:77,46
DA:78,1
DA:79,1
DA:80,1
DA:83,69
DA:84,40
DA:90,27
DA:91,8
DA:92,8
DA:94,54
DA:95,50
DA:96,28
DA:97,46
DA:98,1
DA:99,1
DA:100,1
DA:103,69
DA:104,40
DA:108,25
DA:109,8
DA:111,54
DA:112,50
DA:113,28
DA:114,46
DA:115,1
DA:116,1
DA:117,1
DA:120,69
DA:121,40
DA:126,27
DA:127,40
DA:128,50
DA:129,28
DA:131,54
DA:132,46
DA:133,5
DA:134,17
DA:135,1
DA:138,64
DA:148,0
DA:149,0
DA:153,0
DA:154,0
DA:155,0
DA:156,0
DA:157,0
DA:158,0
DA:159,0
DA:160,0
DA:163,0
DA:167,0
DA:168,0
DA:169,0
DA:170,0
DA:172,0
DA:176,0
DA:177,0
DA:178,0
DA:179,0
DA:181,0
DA:185,0
DA:186,0
DA:187,0
DA:188,0
DA:189,0
end_of_record

SF:/Users/jayeshyadav/Desktop/github/diamond-proxy/test/echidna/MockFacet.sol
DA:4,17
DA:5,0
DA:6,0
DA:7,0
DA:8,0
DA:9,0
DA:10,0
DA:11,0
DA:12,0
end_of_record

